Line 17: Class MSComCtl2.DTPicker of control DTPicker1 was not a loaded control class.
Line 301: Class MSDataGridLib.DataGrid of control DataGrid1 was not a loaded control class.
Line 366: Class MSAdodcLib.Adodc of control Adodc1 was not a loaded control class.
Line 25: The property name _ExtentX in DTPicker1 is invalid.
Line 26: The property name _ExtentY in DTPicker1 is invalid.
Line 27: The property name _Version in DTPicker1 is invalid.
Line 37: The property name Format in DTPicker1 is invalid.
Line 38: The property name CurrentDate in DTPicker1 is invalid.
Line 302: The property name Bindings in DataGrid1 is invalid.
Line 308: The property name _ExtentX in DataGrid1 is invalid.
Line 309: The property name _ExtentY in DataGrid1 is invalid.
Line 310: The property name _Version in DataGrid1 is invalid.
Line 311: The property name HeadLines in DataGrid1 is invalid.
Line 312: The property name RowHeight in DataGrid1 is invalid.
Line 321: The property name HeadFont in DataGrid1 is invalid.
Line 331: The property name ColumnCount in DataGrid1 is invalid.
Line 344: The property name Column00 in DataGrid1 is invalid.
Line 357: The property name Column01 in DataGrid1 is invalid.
Line 358: The property name SplitCount in DataGrid1 is invalid.
Line 364: The property name Split0 in DataGrid1 is invalid.
Line 372: The property name _ExtentX in Adodc1 is invalid.
Line 373: The property name _ExtentY in Adodc1 is invalid.
Line 374: The property name ConnectMode in Adodc1 is invalid.
Line 375: The property name CursorLocation in Adodc1 is invalid.
Line 376: The property name IsolationLevel in Adodc1 is invalid.
Line 377: The property name ConnectionTimeout in Adodc1 is invalid.
Line 378: The property name CommandTimeout in Adodc1 is invalid.
Line 379: The property name CursorType in Adodc1 is invalid.
Line 380: The property name LockType in Adodc1 is invalid.
Line 381: The property name CommandType in Adodc1 is invalid.
Line 382: The property name CursorOptions in Adodc1 is invalid.
Line 383: The property name CacheSize in Adodc1 is invalid.
Line 384: The property name MaxRecords in Adodc1 is invalid.
Line 385: The property name BOFAction in Adodc1 is invalid.
Line 386: The property name EOFAction in Adodc1 is invalid.
Line 387: The property name ConnectStringType in Adodc1 is invalid.
Line 391: The property name Orientation in Adodc1 is invalid.
Line 393: The property name Connect in Adodc1 is invalid.
Line 394: The property name OLEDBString in Adodc1 is invalid.
Line 395: The property name OLEDBFile in Adodc1 is invalid.
Line 396: The property name DataSourceName in Adodc1 is invalid.
Line 397: The property name OtherAttributes in Adodc1 is invalid.
Line 398: The property name UserName in Adodc1 is invalid.
Line 399: The property name Password in Adodc1 is invalid.
Line 400: The property name RecordSource in Adodc1 is invalid.
Line 401: The property name Caption in Adodc1 is invalid.
Line 411: The property name _Version in Adodc1 is invalid.
